\BOOKMARK [1][-]{section*.1}{Contents}{}% 1
\BOOKMARK [1][-]{section.1}{Module Choosy}{}% 2
\BOOKMARK [2][-]{subsection.1.1}{Variables}{section.1}% 3
\BOOKMARK [2][-]{subsection.1.2}{Class Choosy}{section.1}% 4
\BOOKMARK [3][-]{subsubsection.1.2.1}{Methods}{subsection.1.2}% 5
\BOOKMARK [3][-]{subsubsection.1.2.2}{Class Variables}{subsection.1.2}% 6
\BOOKMARK [1][-]{section.2}{Module Desperate}{}% 7
\BOOKMARK [2][-]{subsection.2.1}{Variables}{section.2}% 8
\BOOKMARK [2][-]{subsection.2.2}{Class Desperate}{section.2}% 9
\BOOKMARK [3][-]{subsubsection.2.2.1}{Methods}{subsection.2.2}% 10
\BOOKMARK [3][-]{subsubsection.2.2.2}{Class Variables}{subsection.2.2}% 11
\BOOKMARK [1][-]{section.3}{Module Essential}{}% 12
\BOOKMARK [2][-]{subsection.3.1}{Variables}{section.3}% 13
\BOOKMARK [2][-]{subsection.3.2}{Class Essential}{section.3}% 14
\BOOKMARK [3][-]{subsubsection.3.2.1}{Methods}{subsection.3.2}% 15
\BOOKMARK [3][-]{subsubsection.3.2.2}{Class Variables}{subsection.3.2}% 16
\BOOKMARK [1][-]{section.4}{Module Geek}{}% 17
\BOOKMARK [2][-]{subsection.4.1}{Variables}{section.4}% 18
\BOOKMARK [2][-]{subsection.4.2}{Class Geek}{section.4}% 19
\BOOKMARK [3][-]{subsubsection.4.2.1}{Methods}{subsection.4.2}% 20
\BOOKMARK [3][-]{subsubsection.4.2.2}{Class Variables}{subsection.4.2}% 21
\BOOKMARK [1][-]{section.5}{Module Generous}{}% 22
\BOOKMARK [2][-]{subsection.5.1}{Variables}{section.5}% 23
\BOOKMARK [2][-]{subsection.5.2}{Class Generous}{section.5}% 24
\BOOKMARK [3][-]{subsubsection.5.2.1}{Methods}{subsection.5.2}% 25
\BOOKMARK [3][-]{subsubsection.5.2.2}{Class Variables}{subsection.5.2}% 26
\BOOKMARK [1][-]{section.6}{Module Luxury}{}% 27
\BOOKMARK [2][-]{subsection.6.1}{Variables}{section.6}% 28
\BOOKMARK [2][-]{subsection.6.2}{Class Luxury}{section.6}% 29
\BOOKMARK [3][-]{subsubsection.6.2.1}{Methods}{subsection.6.2}% 30
\BOOKMARK [3][-]{subsubsection.6.2.2}{Class Variables}{subsection.6.2}% 31
\BOOKMARK [1][-]{section.7}{Module Miser}{}% 32
\BOOKMARK [2][-]{subsection.7.1}{Variables}{section.7}% 33
\BOOKMARK [2][-]{subsection.7.2}{Class Miser}{section.7}% 34
\BOOKMARK [3][-]{subsubsection.7.2.1}{Methods}{subsection.7.2}% 35
\BOOKMARK [3][-]{subsubsection.7.2.2}{Class Variables}{subsection.7.2}% 36
\BOOKMARK [1][-]{section.8}{Module Normal}{}% 37
\BOOKMARK [2][-]{subsection.8.1}{Variables}{section.8}% 38
\BOOKMARK [2][-]{subsection.8.2}{Class Normal}{section.8}% 39
\BOOKMARK [3][-]{subsubsection.8.2.1}{Methods}{subsection.8.2}% 40
\BOOKMARK [3][-]{subsubsection.8.2.2}{Class Variables}{subsection.8.2}% 41
\BOOKMARK [1][-]{section.9}{Module Utility}{}% 42
\BOOKMARK [2][-]{subsection.9.1}{Variables}{section.9}% 43
\BOOKMARK [2][-]{subsection.9.2}{Class Utility}{section.9}% 44
\BOOKMARK [3][-]{subsubsection.9.2.1}{Methods}{subsection.9.2}% 45
\BOOKMARK [3][-]{subsubsection.9.2.2}{Class Variables}{subsection.9.2}% 46
\BOOKMARK [1][-]{section.10}{Module boy}{}% 47
\BOOKMARK [2][-]{subsection.10.1}{Variables}{section.10}% 48
\BOOKMARK [2][-]{subsection.10.2}{Class Boy}{section.10}% 49
\BOOKMARK [3][-]{subsubsection.10.2.1}{Methods}{subsection.10.2}% 50
\BOOKMARK [3][-]{subsubsection.10.2.2}{Class Variables}{subsection.10.2}% 51
\BOOKMARK [1][-]{section.11}{Module couples}{}% 52
\BOOKMARK [2][-]{subsection.11.1}{Variables}{section.11}% 53
\BOOKMARK [2][-]{subsection.11.2}{Class Couple}{section.11}% 54
\BOOKMARK [3][-]{subsubsection.11.2.1}{Methods}{subsection.11.2}% 55
\BOOKMARK [1][-]{section.12}{Module gift\137item}{}% 56
\BOOKMARK [2][-]{subsection.12.1}{Variables}{section.12}% 57
\BOOKMARK [2][-]{subsection.12.2}{Class Gift}{section.12}% 58
\BOOKMARK [3][-]{subsubsection.12.2.1}{Methods}{subsection.12.2}% 59
\BOOKMARK [3][-]{subsubsection.12.2.2}{Class Variables}{subsection.12.2}% 60
\BOOKMARK [1][-]{section.13}{Module girl}{}% 61
\BOOKMARK [2][-]{subsection.13.1}{Variables}{section.13}% 62
\BOOKMARK [2][-]{subsection.13.2}{Class girl}{section.13}% 63
\BOOKMARK [3][-]{subsubsection.13.2.1}{Methods}{subsection.13.2}% 64
\BOOKMARK [3][-]{subsubsection.13.2.2}{Class Variables}{subsection.13.2}% 65
\BOOKMARK [1][-]{section.14}{Module logs}{}% 66
\BOOKMARK [2][-]{subsection.14.1}{Functions}{section.14}% 67
\BOOKMARK [2][-]{subsection.14.2}{Variables}{section.14}% 68
\BOOKMARK [1][-]{section.15}{Module main}{}% 69
\BOOKMARK [2][-]{subsection.15.1}{Functions}{section.15}% 70
\BOOKMARK [1][-]{section.16}{Module util}{}% 71
\BOOKMARK [2][-]{subsection.16.1}{Functions}{section.16}% 72
\BOOKMARK [2][-]{subsection.16.2}{Variables}{section.16}% 73
\BOOKMARK [1][-]{section*.2}{Index}{}% 74
